SF:lib\ui\components\headline1.dart
DA:6,1
DA:8,1
DA:10,1
DA:11,2
DA:13,3
LF:5
LH:5
end_of_record
SF:lib\ui\components\login_header.dart
DA:4,1
DA:6,1
DA:8,1
DA:10,1
DA:12,1
DA:13,1
DA:14,1
DA:17,1
DA:18,2
DA:19,2
DA:21,1
DA:22,1
DA:23,1
DA:29,2
DA:30,2
LF:15
LH:15
end_of_record
SF:lib\ui\pages\login\login_page.dart
DA:9,1
DA:11,1
DA:13,1
DA:14,1
DA:15,1
DA:17,1
DA:18,1
DA:19,1
DA:22,1
DA:24,1
DA:25,1
DA:26,1
DA:27,1
DA:28,2
DA:29,1
DA:30,1
DA:31,1
DA:32,3
DA:34,1
DA:36,1
DA:38,2
DA:40,2
DA:43,1
DA:45,1
DA:46,2
DA:47,1
DA:48,1
DA:49,1
DA:50,3
DA:52,1
DA:54,1
DA:56,2
DA:59,2
DA:63,1
DA:64,2
DA:65,1
DA:66,1
DA:67,1
DA:69,2
DA:70,2
DA:71,2
DA:74,1
DA:75,1
DA:76,2
DA:77,0
DA:78,1
DA:79,1
LF:47
LH:46
end_of_record
